{"/Users/connordieck/Documents/Business/Code/Springboard/technical/34-Express-and-Postgres/1-Node-pg-Introduction/code/express-biztime/app.js": {"path":"/Users/connordieck/Documents/Business/Code/Springboard/technical/34-Express-and-Postgres/1-Node-pg-Introduction/code/express-biztime/app.js","statementMap":{"0":{"start":{"line":3,"column":16},"end":{"line":3,"column":34}},"1":{"start":{"line":5,"column":12},"end":{"line":5,"column":21}},"2":{"start":{"line":6,"column":21},"end":{"line":6,"column":46}},"3":{"start":{"line":8,"column":0},"end":{"line":8,"column":24}},"4":{"start":{"line":10,"column":16},"end":{"line":10,"column":45}},"5":{"start":{"line":11,"column":0},"end":{"line":11,"column":31}},"6":{"start":{"line":12,"column":16},"end":{"line":12,"column":44}},"7":{"start":{"line":13,"column":0},"end":{"line":13,"column":30}},"8":{"start":{"line":17,"column":0},"end":{"line":20,"column":3}},"9":{"start":{"line":18,"column":13},"end":{"line":18,"column":47}},"10":{"start":{"line":19,"column":1},"end":{"line":19,"column":18}},"11":{"start":{"line":24,"column":0},"end":{"line":35,"column":3}},"12":{"start":{"line":26,"column":14},"end":{"line":26,"column":31}},"13":{"start":{"line":29,"column":1},"end":{"line":34,"column":4}},"14":{"start":{"line":37,"column":0},"end":{"line":37,"column":21}}},"fnMap":{"0":{"name":"(anonymous_0)","decl":{"start":{"line":17,"column":8},"end":{"line":17,"column":9}},"loc":{"start":{"line":17,"column":33},"end":{"line":20,"column":1}},"line":17},"1":{"name":"(anonymous_1)","decl":{"start":{"line":24,"column":8},"end":{"line":24,"column":9}},"loc":{"start":{"line":24,"column":33},"end":{"line":35,"column":1}},"line":24}},"branchMap":{"0":{"loc":{"start":{"line":26,"column":14},"end":{"line":26,"column":31}},"type":"binary-expr","locations":[{"start":{"line":26,"column":14},"end":{"line":26,"column":24}},{"start":{"line":26,"column":28},"end":{"line":26,"column":31}}],"line":26}},"s":{"0":2,"1":2,"2":2,"3":2,"4":2,"5":2,"6":2,"7":2,"8":2,"9":0,"10":0,"11":2,"12":6,"13":6,"14":2},"f":{"0":0,"1":6},"b":{"0":[6,0]},"_coverageSchema":"1a1c01bbd47fc00a2c39e90264f33305004495a9","hash":"d66a425010b86e1714e6bf056fb6278ce092fb9a"}
,"/Users/connordieck/Documents/Business/Code/Springboard/technical/34-Express-and-Postgres/1-Node-pg-Introduction/code/express-biztime/db.js": {"path":"/Users/connordieck/Documents/Business/Code/Springboard/technical/34-Express-and-Postgres/1-Node-pg-Introduction/code/express-biztime/db.js","statementMap":{"0":{"start":{"line":3,"column":19},"end":{"line":3,"column":32}},"1":{"start":{"line":7,"column":0},"end":{"line":11,"column":1}},"2":{"start":{"line":8,"column":1},"end":{"line":8,"column":39}},"3":{"start":{"line":10,"column":1},"end":{"line":10,"column":34}},"4":{"start":{"line":13,"column":9},"end":{"line":15,"column":2}},"5":{"start":{"line":17,"column":0},"end":{"line":17,"column":13}},"6":{"start":{"line":19,"column":0},"end":{"line":19,"column":20}}},"fnMap":{},"branchMap":{"0":{"loc":{"start":{"line":7,"column":0},"end":{"line":11,"column":1}},"type":"if","locations":[{"start":{"line":7,"column":0},"end":{"line":11,"column":1}},{"start":{"line":7,"column":0},"end":{"line":11,"column":1}}],"line":7}},"s":{"0":2,"1":2,"2":2,"3":0,"4":2,"5":2,"6":2},"f":{},"b":{"0":[2,0]},"_coverageSchema":"1a1c01bbd47fc00a2c39e90264f33305004495a9","hash":"7bb22862ddcccae1e47fb39684defc467186bd57"}
,"/Users/connordieck/Documents/Business/Code/Springboard/technical/34-Express-and-Postgres/1-Node-pg-Introduction/code/express-biztime/expressError.js": {"path":"/Users/connordieck/Documents/Business/Code/Springboard/technical/34-Express-and-Postgres/1-Node-pg-Introduction/code/express-biztime/expressError.js","statementMap":{"0":{"start":{"line":9,"column":4},"end":{"line":9,"column":12}},"1":{"start":{"line":10,"column":4},"end":{"line":10,"column":27}},"2":{"start":{"line":11,"column":4},"end":{"line":11,"column":25}},"3":{"start":{"line":12,"column":4},"end":{"line":12,"column":30}},"4":{"start":{"line":17,"column":0},"end":{"line":17,"column":30}}},"fnMap":{"0":{"name":"(anonymous_0)","decl":{"start":{"line":8,"column":2},"end":{"line":8,"column":3}},"loc":{"start":{"line":8,"column":31},"end":{"line":13,"column":3}},"line":8}},"branchMap":{},"s":{"0":6,"1":6,"2":6,"3":6,"4":2},"f":{"0":6},"b":{},"_coverageSchema":"1a1c01bbd47fc00a2c39e90264f33305004495a9","hash":"7cd4683ac7540afe4489db01a286701b7a9cf60d"}
,"/Users/connordieck/Documents/Business/Code/Springboard/technical/34-Express-and-Postgres/1-Node-pg-Introduction/code/express-biztime/routes/companies.js": {"path":"/Users/connordieck/Documents/Business/Code/Springboard/technical/34-Express-and-Postgres/1-Node-pg-Introduction/code/express-biztime/routes/companies.js","statementMap":{"0":{"start":{"line":3,"column":16},"end":{"line":3,"column":34}},"1":{"start":{"line":4,"column":21},"end":{"line":4,"column":47}},"2":{"start":{"line":5,"column":15},"end":{"line":5,"column":31}},"3":{"start":{"line":6,"column":11},"end":{"line":6,"column":27}},"4":{"start":{"line":9,"column":0},"end":{"line":16,"column":3}},"5":{"start":{"line":10,"column":1},"end":{"line":15,"column":2}},"6":{"start":{"line":11,"column":18},"end":{"line":11,"column":59}},"7":{"start":{"line":12,"column":2},"end":{"line":12,"column":47}},"8":{"start":{"line":14,"column":2},"end":{"line":14,"column":17}},"9":{"start":{"line":19,"column":0},"end":{"line":45,"column":3}},"10":{"start":{"line":20,"column":1},"end":{"line":44,"column":2}},"11":{"start":{"line":21,"column":19},"end":{"line":21,"column":29}},"12":{"start":{"line":23,"column":21},"end":{"line":23,"column":86}},"13":{"start":{"line":25,"column":20},"end":{"line":30,"column":3}},"14":{"start":{"line":32,"column":2},"end":{"line":34,"column":3}},"15":{"start":{"line":33,"column":3},"end":{"line":33,"column":71}},"16":{"start":{"line":36,"column":18},"end":{"line":36,"column":36}},"17":{"start":{"line":37,"column":19},"end":{"line":37,"column":33}},"18":{"start":{"line":39,"column":2},"end":{"line":39,"column":59}},"19":{"start":{"line":39,"column":47},"end":{"line":39,"column":57}},"20":{"start":{"line":41,"column":2},"end":{"line":41,"column":40}},"21":{"start":{"line":43,"column":2},"end":{"line":43,"column":17}},"22":{"start":{"line":48,"column":0},"end":{"line":59,"column":3}},"23":{"start":{"line":49,"column":1},"end":{"line":58,"column":2}},"24":{"start":{"line":50,"column":38},"end":{"line":50,"column":46}},"25":{"start":{"line":51,"column":18},"end":{"line":54,"column":3}},"26":{"start":{"line":55,"column":2},"end":{"line":55,"column":60}},"27":{"start":{"line":57,"column":2},"end":{"line":57,"column":17}},"28":{"start":{"line":62,"column":0},"end":{"line":77,"column":3}},"29":{"start":{"line":63,"column":1},"end":{"line":76,"column":2}},"30":{"start":{"line":64,"column":19},"end":{"line":64,"column":29}},"31":{"start":{"line":65,"column":32},"end":{"line":65,"column":40}},"32":{"start":{"line":66,"column":18},"end":{"line":69,"column":3}},"33":{"start":{"line":70,"column":2},"end":{"line":72,"column":3}},"34":{"start":{"line":71,"column":3},"end":{"line":71,"column":73}},"35":{"start":{"line":73,"column":2},"end":{"line":73,"column":48}},"36":{"start":{"line":75,"column":2},"end":{"line":75,"column":17}},"37":{"start":{"line":80,"column":0},"end":{"line":91,"column":3}},"38":{"start":{"line":81,"column":1},"end":{"line":90,"column":2}},"39":{"start":{"line":82,"column":18},"end":{"line":82,"column":96}},"40":{"start":{"line":83,"column":2},"end":{"line":85,"column":3}},"41":{"start":{"line":84,"column":3},"end":{"line":84,"column":84}},"42":{"start":{"line":86,"column":18},"end":{"line":86,"column":94}},"43":{"start":{"line":87,"column":2},"end":{"line":87,"column":39}},"44":{"start":{"line":89,"column":2},"end":{"line":89,"column":17}},"45":{"start":{"line":93,"column":0},"end":{"line":93,"column":24}}},"fnMap":{"0":{"name":"(anonymous_0)","decl":{"start":{"line":9,"column":16},"end":{"line":9,"column":17}},"loc":{"start":{"line":9,"column":42},"end":{"line":16,"column":1}},"line":9},"1":{"name":"(anonymous_1)","decl":{"start":{"line":19,"column":21},"end":{"line":19,"column":22}},"loc":{"start":{"line":19,"column":47},"end":{"line":45,"column":1}},"line":19},"2":{"name":"(anonymous_2)","decl":{"start":{"line":39,"column":34},"end":{"line":39,"column":35}},"loc":{"start":{"line":39,"column":47},"end":{"line":39,"column":57}},"line":39},"3":{"name":"(anonymous_3)","decl":{"start":{"line":48,"column":17},"end":{"line":48,"column":18}},"loc":{"start":{"line":48,"column":43},"end":{"line":59,"column":1}},"line":48},"4":{"name":"(anonymous_4)","decl":{"start":{"line":62,"column":21},"end":{"line":62,"column":22}},"loc":{"start":{"line":62,"column":47},"end":{"line":77,"column":1}},"line":62},"5":{"name":"(anonymous_5)","decl":{"start":{"line":80,"column":24},"end":{"line":80,"column":25}},"loc":{"start":{"line":80,"column":50},"end":{"line":91,"column":1}},"line":80}},"branchMap":{"0":{"loc":{"start":{"line":32,"column":2},"end":{"line":34,"column":3}},"type":"if","locations":[{"start":{"line":32,"column":2},"end":{"line":34,"column":3}},{"start":{"line":32,"column":2},"end":{"line":34,"column":3}}],"line":32},"1":{"loc":{"start":{"line":70,"column":2},"end":{"line":72,"column":3}},"type":"if","locations":[{"start":{"line":70,"column":2},"end":{"line":72,"column":3}},{"start":{"line":70,"column":2},"end":{"line":72,"column":3}}],"line":70},"2":{"loc":{"start":{"line":83,"column":2},"end":{"line":85,"column":3}},"type":"if","locations":[{"start":{"line":83,"column":2},"end":{"line":85,"column":3}},{"start":{"line":83,"column":2},"end":{"line":85,"column":3}}],"line":83}},"s":{"0":2,"1":2,"2":2,"3":2,"4":2,"5":1,"6":1,"7":1,"8":0,"9":2,"10":2,"11":2,"12":2,"13":2,"14":2,"15":1,"16":1,"17":1,"18":1,"19":0,"20":1,"21":1,"22":2,"23":1,"24":1,"25":1,"26":1,"27":0,"28":2,"29":2,"30":2,"31":2,"32":2,"33":2,"34":1,"35":1,"36":1,"37":2,"38":2,"39":2,"40":2,"41":1,"42":1,"43":1,"44":1,"45":2},"f":{"0":1,"1":2,"2":0,"3":1,"4":2,"5":2},"b":{"0":[1,1],"1":[1,1],"2":[1,1]},"_coverageSchema":"1a1c01bbd47fc00a2c39e90264f33305004495a9","hash":"dfdc559fb96dbcd4ed42420fb74ec8a5b5218b4f"}
,"/Users/connordieck/Documents/Business/Code/Springboard/technical/34-Express-and-Postgres/1-Node-pg-Introduction/code/express-biztime/routes/invoices.js": {"path":"/Users/connordieck/Documents/Business/Code/Springboard/technical/34-Express-and-Postgres/1-Node-pg-Introduction/code/express-biztime/routes/invoices.js","statementMap":{"0":{"start":{"line":3,"column":16},"end":{"line":3,"column":34}},"1":{"start":{"line":4,"column":21},"end":{"line":4,"column":47}},"2":{"start":{"line":5,"column":15},"end":{"line":5,"column":31}},"3":{"start":{"line":6,"column":11},"end":{"line":6,"column":27}},"4":{"start":{"line":9,"column":0},"end":{"line":16,"column":3}},"5":{"start":{"line":10,"column":1},"end":{"line":15,"column":2}},"6":{"start":{"line":11,"column":18},"end":{"line":11,"column":70}},"7":{"start":{"line":12,"column":2},"end":{"line":12,"column":46}},"8":{"start":{"line":14,"column":2},"end":{"line":14,"column":17}},"9":{"start":{"line":19,"column":0},"end":{"line":62,"column":3}},"10":{"start":{"line":20,"column":1},"end":{"line":61,"column":2}},"11":{"start":{"line":21,"column":17},"end":{"line":21,"column":27}},"12":{"start":{"line":23,"column":18},"end":{"line":37,"column":3}},"13":{"start":{"line":39,"column":2},"end":{"line":41,"column":3}},"14":{"start":{"line":40,"column":3},"end":{"line":40,"column":67}},"15":{"start":{"line":43,"column":15},"end":{"line":43,"column":30}},"16":{"start":{"line":45,"column":18},"end":{"line":56,"column":3}},"17":{"start":{"line":58,"column":2},"end":{"line":58,"column":40}},"18":{"start":{"line":60,"column":2},"end":{"line":60,"column":17}},"19":{"start":{"line":65,"column":0},"end":{"line":76,"column":3}},"20":{"start":{"line":66,"column":1},"end":{"line":75,"column":2}},"21":{"start":{"line":67,"column":29},"end":{"line":67,"column":37}},"22":{"start":{"line":68,"column":18},"end":{"line":71,"column":3}},"23":{"start":{"line":72,"column":2},"end":{"line":72,"column":60}},"24":{"start":{"line":74,"column":2},"end":{"line":74,"column":17}},"25":{"start":{"line":79,"column":0},"end":{"line":95,"column":3}},"26":{"start":{"line":80,"column":1},"end":{"line":94,"column":2}},"27":{"start":{"line":81,"column":17},"end":{"line":81,"column":27}},"28":{"start":{"line":82,"column":18},"end":{"line":82,"column":26}},"29":{"start":{"line":83,"column":18},"end":{"line":86,"column":3}},"30":{"start":{"line":87,"column":2},"end":{"line":87,"column":23}},"31":{"start":{"line":88,"column":2},"end":{"line":90,"column":3}},"32":{"start":{"line":89,"column":3},"end":{"line":89,"column":67}},"33":{"start":{"line":91,"column":2},"end":{"line":91,"column":48}},"34":{"start":{"line":93,"column":2},"end":{"line":93,"column":17}},"35":{"start":{"line":98,"column":0},"end":{"line":109,"column":3}},"36":{"start":{"line":99,"column":1},"end":{"line":108,"column":2}},"37":{"start":{"line":100,"column":18},"end":{"line":100,"column":91}},"38":{"start":{"line":101,"column":2},"end":{"line":103,"column":3}},"39":{"start":{"line":102,"column":3},"end":{"line":102,"column":80}},"40":{"start":{"line":104,"column":18},"end":{"line":104,"column":83}},"41":{"start":{"line":105,"column":2},"end":{"line":105,"column":38}},"42":{"start":{"line":107,"column":2},"end":{"line":107,"column":17}},"43":{"start":{"line":111,"column":0},"end":{"line":111,"column":24}}},"fnMap":{"0":{"name":"(anonymous_0)","decl":{"start":{"line":9,"column":16},"end":{"line":9,"column":17}},"loc":{"start":{"line":9,"column":42},"end":{"line":16,"column":1}},"line":9},"1":{"name":"(anonymous_1)","decl":{"start":{"line":19,"column":19},"end":{"line":19,"column":20}},"loc":{"start":{"line":19,"column":45},"end":{"line":62,"column":1}},"line":19},"2":{"name":"(anonymous_2)","decl":{"start":{"line":65,"column":17},"end":{"line":65,"column":18}},"loc":{"start":{"line":65,"column":43},"end":{"line":76,"column":1}},"line":65},"3":{"name":"(anonymous_3)","decl":{"start":{"line":79,"column":19},"end":{"line":79,"column":20}},"loc":{"start":{"line":79,"column":45},"end":{"line":95,"column":1}},"line":79},"4":{"name":"(anonymous_4)","decl":{"start":{"line":98,"column":22},"end":{"line":98,"column":23}},"loc":{"start":{"line":98,"column":48},"end":{"line":109,"column":1}},"line":98}},"branchMap":{"0":{"loc":{"start":{"line":39,"column":2},"end":{"line":41,"column":3}},"type":"if","locations":[{"start":{"line":39,"column":2},"end":{"line":41,"column":3}},{"start":{"line":39,"column":2},"end":{"line":41,"column":3}}],"line":39},"1":{"loc":{"start":{"line":88,"column":2},"end":{"line":90,"column":3}},"type":"if","locations":[{"start":{"line":88,"column":2},"end":{"line":90,"column":3}},{"start":{"line":88,"column":2},"end":{"line":90,"column":3}}],"line":88},"2":{"loc":{"start":{"line":101,"column":2},"end":{"line":103,"column":3}},"type":"if","locations":[{"start":{"line":101,"column":2},"end":{"line":103,"column":3}},{"start":{"line":101,"column":2},"end":{"line":103,"column":3}}],"line":101}},"s":{"0":2,"1":2,"2":2,"3":2,"4":2,"5":1,"6":1,"7":1,"8":0,"9":2,"10":2,"11":2,"12":2,"13":2,"14":1,"15":1,"16":1,"17":1,"18":1,"19":2,"20":1,"21":1,"22":1,"23":1,"24":0,"25":2,"26":2,"27":2,"28":2,"29":2,"30":2,"31":2,"32":1,"33":1,"34":1,"35":2,"36":2,"37":2,"38":2,"39":1,"40":1,"41":1,"42":1,"43":2},"f":{"0":1,"1":2,"2":1,"3":2,"4":2},"b":{"0":[1,1],"1":[1,1],"2":[1,1]},"_coverageSchema":"1a1c01bbd47fc00a2c39e90264f33305004495a9","hash":"c7c6ae089bd6c34bdf7f9bd8f00823dca1507cea"}
}
