TN:
SF:app.js
FN:17,(anonymous_0)
FN:24,(anonymous_1)
FNF:2
FNH:1
FNDA:0,(anonymous_0)
FNDA:6,(anonymous_1)
DA:3,2
DA:5,2
DA:6,2
DA:8,2
DA:10,2
DA:11,2
DA:12,2
DA:13,2
DA:17,2
DA:18,0
DA:19,0
DA:24,2
DA:26,6
DA:29,6
DA:37,2
LF:15
LH:13
BRDA:26,0,0,6
BRDA:26,0,1,0
BRF:2
BRH:1
end_of_record
TN:
SF:db.js
FNF:0
FNH:0
DA:3,2
DA:7,2
DA:8,2
DA:10,0
DA:13,2
DA:17,2
DA:19,2
LF:7
LH:6
BRDA:7,0,0,2
BRDA:7,0,1,0
BRF:2
BRH:1
end_of_record
TN:
SF:expressError.js
FN:8,(anonymous_0)
FNF:1
FNH:1
FNDA:6,(anonymous_0)
DA:9,6
DA:10,6
DA:11,6
DA:12,6
DA:17,2
LF:5
LH:5
BRF:0
BRH:0
end_of_record
TN:
SF:routes/companies.js
FN:9,(anonymous_0)
FN:19,(anonymous_1)
FN:39,(anonymous_2)
FN:48,(anonymous_3)
FN:62,(anonymous_4)
FN:80,(anonymous_5)
FNF:6
FNH:5
FNDA:1,(anonymous_0)
FNDA:2,(anonymous_1)
FNDA:0,(anonymous_2)
FNDA:1,(anonymous_3)
FNDA:2,(anonymous_4)
FNDA:2,(anonymous_5)
DA:3,2
DA:4,2
DA:5,2
DA:6,2
DA:9,2
DA:10,1
DA:11,1
DA:12,1
DA:14,0
DA:19,2
DA:20,2
DA:21,2
DA:23,2
DA:25,2
DA:32,2
DA:33,1
DA:36,1
DA:37,1
DA:39,1
DA:41,1
DA:43,1
DA:48,2
DA:49,1
DA:50,1
DA:51,1
DA:55,1
DA:57,0
DA:62,2
DA:63,2
DA:64,2
DA:65,2
DA:66,2
DA:70,2
DA:71,1
DA:73,1
DA:75,1
DA:80,2
DA:81,2
DA:82,2
DA:83,2
DA:84,1
DA:86,1
DA:87,1
DA:89,1
DA:93,2
LF:45
LH:43
BRDA:32,0,0,1
BRDA:32,0,1,1
BRDA:70,1,0,1
BRDA:70,1,1,1
BRDA:83,2,0,1
BRDA:83,2,1,1
BRF:6
BRH:6
end_of_record
TN:
SF:routes/invoices.js
FN:9,(anonymous_0)
FN:19,(anonymous_1)
FN:65,(anonymous_2)
FN:79,(anonymous_3)
FN:98,(anonymous_4)
FNF:5
FNH:5
FNDA:1,(anonymous_0)
FNDA:2,(anonymous_1)
FNDA:1,(anonymous_2)
FNDA:2,(anonymous_3)
FNDA:2,(anonymous_4)
DA:3,2
DA:4,2
DA:5,2
DA:6,2
DA:9,2
DA:10,1
DA:11,1
DA:12,1
DA:14,0
DA:19,2
DA:20,2
DA:21,2
DA:23,2
DA:39,2
DA:40,1
DA:43,1
DA:45,1
DA:58,1
DA:60,1
DA:65,2
DA:66,1
DA:67,1
DA:68,1
DA:72,1
DA:74,0
DA:79,2
DA:80,2
DA:81,2
DA:82,2
DA:83,2
DA:87,2
DA:88,2
DA:89,1
DA:91,1
DA:93,1
DA:98,2
DA:99,2
DA:100,2
DA:101,2
DA:102,1
DA:104,1
DA:105,1
DA:107,1
DA:111,2
LF:44
LH:42
BRDA:39,0,0,1
BRDA:39,0,1,1
BRDA:88,1,0,1
BRDA:88,1,1,1
BRDA:101,2,0,1
BRDA:101,2,1,1
BRF:6
BRH:6
end_of_record
